<?xml version="1.0" encoding="UTF-8"?>
<robot generator="Robot 4.1.3 (Python 3.9.5 on win32)" generated="20211224 17:17:33.699" rpa="false" schemaversion="2">
<suite id="s1" name="testeCases" source="C:\robotFrameWork\seleniumRobot\testeCases.robot">
<test id="s1-t1" name="CT001: Pesquisando por Posts">
<kw name="Dado o acesso a página do blog" library="recursos">
<kw name="Open Browser" library="SeleniumLibrary">
<arg>url=${URL_BLOG}</arg>
<arg>browser=${BROWSER}</arg>
<doc>Opens a new browser instance to the optional ``url``.</doc>
<msg timestamp="20211224 17:17:34.036" level="INFO">Opening browser 'chrome' to base url 'https://robotizandotestes.blogspot.com/'.</msg>
<status status="PASS" starttime="20211224 17:17:34.036" endtime="20211224 17:18:01.666"/>
</kw>
<kw name="Title Should Be" library="SeleniumLibrary">
<arg>Robotizando Testes</arg>
<doc>Verifies that the current page title equals ``title``.</doc>
<msg timestamp="20211224 17:18:01.674" level="INFO">Page title is 'Robotizando Testes'.</msg>
<status status="PASS" starttime="20211224 17:18:01.666" endtime="20211224 17:18:01.674"/>
</kw>
<status status="PASS" starttime="20211224 17:17:34.035" endtime="20211224 17:18:01.675"/>
</kw>
<kw name="Quando pesquisa pelo post &quot;Season WEB Testing - Ep. 03: Open Browser - Chrome Options&quot;" library="recursos" sourcename="Quando pesquisa pelo post &quot;${TEXT_PESQUISA}&quot;">
<kw name="Wait Until Element Is Visible" library="SeleniumLibrary">
<arg>${LUPA}</arg>
<doc>Waits until the element ``locator`` is visible.</doc>
<status status="PASS" starttime="20211224 17:18:01.676" endtime="20211224 17:18:01.713"/>
</kw>
<kw name="Click Element" library="SeleniumLibrary">
<arg>${LUPA}</arg>
<doc>Click the element identified by ``locator``.</doc>
<msg timestamp="20211224 17:18:01.714" level="INFO">Clicking element 'css:svg.svg-icon-24.search-expand-icon'.</msg>
<status status="PASS" starttime="20211224 17:18:01.713" endtime="20211224 17:18:01.779"/>
</kw>
<kw name="Input Text" library="SeleniumLibrary">
<arg>${CAMPO_PESQUISA}</arg>
<arg>${TEXT_PESQUISA}</arg>
<doc>Types the given ``text`` into the text field identified by ``locator``.</doc>
<msg timestamp="20211224 17:18:01.783" level="INFO">Typing text 'Season WEB Testing - Ep. 03: Open Browser - Chrome Options' into text field 'name=q'.</msg>
<status status="PASS" starttime="20211224 17:18:01.780" endtime="20211224 17:18:02.037"/>
</kw>
<kw name="Click Element" library="SeleniumLibrary">
<arg>${SUBMIT}</arg>
<doc>Click the element identified by ``locator``.</doc>
<msg timestamp="20211224 17:18:02.037" level="INFO">Clicking element 'css:input[value^='Pesquisar']'.</msg>
<status status="PASS" starttime="20211224 17:18:02.037" endtime="20211224 17:18:04.598"/>
</kw>
<status status="PASS" starttime="20211224 17:18:01.675" endtime="20211224 17:18:04.598"/>
</kw>
<kw name="Entao deve exibir a mensagem &quot;Mostrando postagens que correspondem à pesquisa por Season WEB Testing - Ep. 03: Open Browser - Chrome Options&quot;" library="recursos" sourcename="Entao deve exibir a mensagem &quot;${MENSAGEM}&quot;">
<kw name="Page Should Contain" library="SeleniumLibrary">
<arg>text=${MENSAGEM}</arg>
<doc>Verifies that current page contains ``text``.</doc>
<msg timestamp="20211224 17:18:04.628" level="INFO">Current page contains text 'Mostrando postagens que correspondem à pesquisa por Season WEB Testing - Ep. 03: Open Browser - Chrome Options'.</msg>
<status status="PASS" starttime="20211224 17:18:04.602" endtime="20211224 17:18:04.629"/>
</kw>
<kw name="Close Browser" library="SeleniumLibrary">
<doc>Closes the current browser.</doc>
<status status="PASS" starttime="20211224 17:18:04.630" endtime="20211224 17:18:07.534"/>
</kw>
<status status="PASS" starttime="20211224 17:18:04.601" endtime="20211224 17:18:07.535"/>
</kw>
<status status="PASS" starttime="20211224 17:17:34.034" endtime="20211224 17:18:07.536"/>
</test>
<status status="PASS" starttime="20211224 17:17:33.701" endtime="20211224 17:18:07.541"/>
</suite>
<statistics>
<total>
<stat pass="1" fail="0" skip="0">All Tests</stat>
</total>
<tag>
</tag>
<suite>
<stat pass="1" fail="0" skip="0" id="s1" name="testeCases">testeCases</stat>
</suite>
</statistics>
<errors>
</errors>
</robot>
